<?xml version="1.0" encoding="UTF-8"?>
<!-- Generated by org.testng.reporters.JUnitXMLReporter -->
<testsuite ignored="2" hostname="DESKTOP-5VGD0PP" failures="0" tests="2" name="Test1" time="0.011" errors="0" timestamp="2024-08-03T13:41:38 IST">
  <testcase classname="TestNgBasics.SecondclassTestNG2" name="FirstTestcaseinSC" time="0.001"/>
  <testcase classname="TestNgBasics.SecondclassTestNG2" name="SecondTestcaseinSC" time="0.001"/>
  <testcase classname="TestNgBasics.FirstclassTestNG" name="SecondTestcase" time="0.0">
    <ignored/>
  </testcase> <!-- SecondTestcase -->
  <testcase classname="TestNgBasics.FirstclassTestNG" name="FirstTestcase" time="0.0">
    <ignored/>
  </testcase> <!-- FirstTestcase -->
</testsuite> <!-- Test1 -->
