<?xml version="1.0" encoding="UTF-8"?>
<testng-results ignored="0" total="2" passed="2" failed="0" skipped="0">
  <reporter-output>
  </reporter-output>
  <suite started-at="2024-08-04T13:38:52 IST" name="Suite" finished-at="2024-08-04T13:39:02 IST" duration-ms="10681">
    <groups>
    </groups>
    <test started-at="2024-08-04T13:38:52 IST" name="Test" finished-at="2024-08-04T13:39:02 IST" duration-ms="10681">
      <class name="Testcase.MakeMyTripFlightSearch">
        <test-method is-config="true" signature="LaunchBrowser()[pri:0, instance:Testcase.MakeMyTripFlightSearch@49b0b76]" started-at="2024-08-04T13:38:50 IST" name="LaunchBrowser" finished-at="2024-08-04T13:38:52 IST" duration-ms="1398" status="PASS">
          <reporter-output>
          </reporter-output>
        </test-method> <!-- LaunchBrowser -->
        <test-method is-config="true" signature="LaunchURL()[pri:0, instance:Testcase.MakeMyTripFlightSearch@49b0b76]" started-at="2024-08-04T13:38:52 IST" name="LaunchURL" finished-at="2024-08-04T13:38:55 IST" duration-ms="3719" status="PASS">
          <reporter-output>
          </reporter-output>
        </test-method> <!-- LaunchURL -->
        <test-method is-config="true" signature="ClosePopup()[pri:0, instance:Testcase.MakeMyTripFlightSearch@49b0b76]" started-at="2024-08-04T13:38:55 IST" name="ClosePopup" finished-at="2024-08-04T13:38:56 IST" duration-ms="139" status="PASS">
          <reporter-output>
          </reporter-output>
        </test-method> <!-- ClosePopup -->
        <test-method signature="SearchFlightWithValidValues()[pri:0, instance:Testcase.MakeMyTripFlightSearch@49b0b76]" started-at="2024-08-04T13:38:56 IST" name="SearchFlightWithValidValues" finished-at="2024-08-04T13:39:01 IST" duration-ms="5585" status="PASS">
          <reporter-output>
          </reporter-output>
        </test-method> <!-- SearchFlightWithValidValues -->
        <test-method signature="SearchFlightWithSameCity()[pri:1, instance:Testcase.MakeMyTripFlightSearch@49b0b76]" started-at="2024-08-04T13:39:01 IST" name="SearchFlightWithSameCity" finished-at="2024-08-04T13:39:02 IST" duration-ms="1230" status="PASS">
          <reporter-output>
          </reporter-output>
        </test-method> <!-- SearchFlightWithSameCity -->
        <test-method is-config="true" signature="CloseBrowser()[pri:0, instance:Testcase.MakeMyTripFlightSearch@49b0b76]" started-at="2024-08-04T13:39:02 IST" name="CloseBrowser" finished-at="2024-08-04T13:39:03 IST" duration-ms="189" status="PASS">
          <reporter-output>
          </reporter-output>
        </test-method> <!-- CloseBrowser -->
      </class> <!-- Testcase.MakeMyTripFlightSearch -->
    </test> <!-- Test -->
  </suite> <!-- Suite -->
</testng-results>
