<?xml version="1.0" encoding="UTF-8"?>
<testsuite xmlns:xsi="http://www.w3.org/2001/XMLSchema-instance" xsi:noNamespaceSchemaLocation="https://maven.apache.org/surefire/maven-surefire-plugin/xsd/surefire-test-report.xsd" name="TestSuite" time="12.616" tests="2" errors="0" skipped="0" failures="0">
  <properties>
[...]
</properties>
  <testcase name="SearchFlightWithValidValues" classname="Testcase.MakeMyTripFlightSearch" time="5.571"/>
  <testcase name="SearchFlightWithSameCity" classname="Testcase.MakeMyTripFlightSearch" time="1.23"/>
</testsuite>