<?xml version="1.0" encoding="UTF-8"?>
<testng-results ignored="0" total="2" passed="2" failed="0" skipped="0">
  <reporter-output>
  </reporter-output>
  <suite started-at="2024-08-04T13:35:07 IST" name="Suite" finished-at="2024-08-04T13:35:20 IST" duration-ms="12971">
    <groups>
    </groups>
    <test started-at="2024-08-04T13:35:07 IST" name="Test" finished-at="2024-08-04T13:35:20 IST" duration-ms="12971">
      <class name="Testcase.MakeMyTripFlightSearch">
        <test-method is-config="true" signature="LaunchBrowser()[pri:0, instance:Testcase.MakeMyTripFlightSearch@1aafa419]" started-at="2024-08-04T13:35:05 IST" name="LaunchBrowser" finished-at="2024-08-04T13:35:07 IST" duration-ms="1413" status="PASS">
          <reporter-output>
          </reporter-output>
        </test-method> <!-- LaunchBrowser -->
        <test-method is-config="true" signature="LaunchURL()[pri:0, instance:Testcase.MakeMyTripFlightSearch@1aafa419]" started-at="2024-08-04T13:35:07 IST" name="LaunchURL" finished-at="2024-08-04T13:35:13 IST" duration-ms="5752" status="PASS">
          <reporter-output>
          </reporter-output>
        </test-method> <!-- LaunchURL -->
        <test-method is-config="true" signature="ClosePopup()[pri:0, instance:Testcase.MakeMyTripFlightSearch@1aafa419]" started-at="2024-08-04T13:35:13 IST" name="ClosePopup" finished-at="2024-08-04T13:35:13 IST" duration-ms="141" status="PASS">
          <reporter-output>
          </reporter-output>
        </test-method> <!-- ClosePopup -->
        <test-method signature="SearchFlightWithValidValues()[pri:0, instance:Testcase.MakeMyTripFlightSearch@1aafa419]" started-at="2024-08-04T13:35:13 IST" name="SearchFlightWithValidValues" finished-at="2024-08-04T13:35:19 IST" duration-ms="5866" status="PASS">
          <reporter-output>
          </reporter-output>
        </test-method> <!-- SearchFlightWithValidValues -->
        <test-method signature="SearchFlightWithSameCity()[pri:1, instance:Testcase.MakeMyTripFlightSearch@1aafa419]" started-at="2024-08-04T13:35:19 IST" name="SearchFlightWithSameCity" finished-at="2024-08-04T13:35:20 IST" duration-ms="1197" status="PASS">
          <reporter-output>
          </reporter-output>
        </test-method> <!-- SearchFlightWithSameCity -->
        <test-method is-config="true" signature="CloseBrowser()[pri:0, instance:Testcase.MakeMyTripFlightSearch@1aafa419]" started-at="2024-08-04T13:35:20 IST" name="CloseBrowser" finished-at="2024-08-04T13:35:20 IST" duration-ms="207" status="PASS">
          <reporter-output>
          </reporter-output>
        </test-method> <!-- CloseBrowser -->
      </class> <!-- Testcase.MakeMyTripFlightSearch -->
    </test> <!-- Test -->
  </suite> <!-- Suite -->
</testng-results>
